Assembler report for hps_bcd
Wed Aug 26 17:58:11 2015
Quartus II 64-Bit Version 15.0.0 Build 145 04/22/2015 SJ Web Edition


---------------------
; Table of Contents ;
---------------------
  1. Legal Notice
  2. Assembler Summary
  3. Assembler Settings
  4. Assembler Encrypted IP Cores Summary
  5. Assembler Generated Files
  6. Assembler Device Options: C:/Users/Keith/Desktop/De1_SoC_Projects/hps_bcd_HW/output_files/hps_bcd.sof
  7. Assembler Messages



----------------
; Legal Notice ;
----------------
Copyright (C) 1991-2015 Altera Corporation. All rights reserved.
Your use of Altera Corporation's design tools, logic functions 
and other software and tools, and its AMPP partner logic 
functions, and any output files from any of the foregoing 
(including device programming or simulation files), and any 
associated documentation or information are expressly subject 
to the terms and conditions of the Altera Program License 
Subscription Agreement, the Altera Quartus II License Agreement,
the Altera MegaCore Function License Agreement, or other 
applicable license agreement, including, without limitation, 
that your use is for the sole purpose of programming logic 
devices manufactured by Altera and sold by Altera or its 
authorized distributors.  Please refer to the applicable 
agreement for further details.



+---------------------------------------------------------------+
; Assembler Summary                                             ;
+-----------------------+---------------------------------------+
; Assembler Status      ; Successful - Wed Aug 26 17:58:11 2015 ;
; Revision Name         ; hps_bcd                               ;
; Top-level Entity Name ; hps_bcd                               ;
; Family                ; Cyclone V                             ;
; Device                ; 5CSEMA5F31C6                          ;
+-----------------------+---------------------------------------+


+----------------------------------+
; Assembler Settings               ;
+--------+---------+---------------+
; Option ; Setting ; Default Value ;
+--------+---------+---------------+


+------------------------------------------------+
; Assembler Encrypted IP Cores Summary           ;
+--------+------------------------+--------------+
; Vendor ; IP Core Name           ; License Type ;
+--------+------------------------+--------------+
; Altera ; Signal Tap (6AF7 BCE1) ; Licensed     ;
; Altera ; Signal Tap (6AF7 BCEC) ; Licensed     ;
+--------+------------------------+--------------+


+-----------------------------------------------------------------------------+
; Assembler Generated Files                                                   ;
+-----------------------------------------------------------------------------+
; File Name                                                                   ;
+-----------------------------------------------------------------------------+
; C:/Users/Keith/Desktop/De1_SoC_Projects/hps_bcd_HW/output_files/hps_bcd.sof ;
+-----------------------------------------------------------------------------+


+-------------------------------------------------------------------------------------------------------+
; Assembler Device Options: C:/Users/Keith/Desktop/De1_SoC_Projects/hps_bcd_HW/output_files/hps_bcd.sof ;
+----------------+--------------------------------------------------------------------------------------+
; Option         ; Setting                                                                              ;
+----------------+--------------------------------------------------------------------------------------+
; Device         ; 5CSEMA5F31C6                                                                         ;
; JTAG usercode  ; 0x0259DBCF                                                                           ;
; Checksum       ; 0x0259DBCF                                                                           ;
+----------------+--------------------------------------------------------------------------------------+


+--------------------+
; Assembler Messages ;
+--------------------+
Info: *******************************************************************
Info: Running Quartus II 64-Bit Assembler
    Info: Version 15.0.0 Build 145 04/22/2015 SJ Web Edition
    Info: Processing started: Wed Aug 26 17:57:16 2015
Info: Command: quartus_asm --read_settings_files=off --write_settings_files=off hps_bcd -c hps_bcd
Info (115030): Assembler is generating device programming files
Info (11878): Hard Processor Subsystem configuration has not changed and a Preloader software update is not required
Info: Quartus II 64-Bit Assembler was successful. 0 errors, 0 warnings
    Info: Peak virtual memory: 854 megabytes
    Info: Processing ended: Wed Aug 26 17:58:11 2015
    Info: Elapsed time: 00:00:55
    Info: Total CPU time (on all processors): 00:00:52


